# JRE version: Java(TM) SE Runtime Environment (17.0.12+8) (build 17.0.12+8-LTS-286)
# Java VM: Java HotSpot(TM) 64-Bit Server VM (17.0.12+8-LTS-286, mixed mode, sharing, tiered, compressed oops, compressed class ptrs, g1 gc, windows-amd64)
GC Precious Log:
 CPUs: 8 total, 8 available
 Memory: 16153M
 Large Page Support: Disabled
 NUMA Support: Disabled
 Compressed Oops: Enabled (32-bit)
 Heap Region Size: 1M
 Heap Min Capacity: 8M
 Heap Initial Capacity: 254M
 Heap Max Capacity: 2G
 Pre-touch: Disabled
 Parallel Workers: 8
 Concurrent Workers: 2
 Concurrent Refinement Workers: 8
 Periodic GC: Disabled
Heap:
 garbage-first heap   total 403456K, used 335872K [0x0000000080000000, 0x0000000100000000)
  region size 1024K, 3 young (3072K), 3 survivors (3072K)
 Metaspace       used 150502K, committed 151872K, reserved 622592K
  class space    used 20393K, committed 21056K, reserved 425984K
GC Heap History (20 events):
Event: 83.522 GC heap after
{Heap after GC invocations=75 (full 0):
 garbage-first heap   total 334848K, used 195509K [0x0000000080000000, 0x0000000100000000)
  region size 1024K, 2 young (2048K), 2 survivors (2048K)
 Metaspace       used 136410K, committed 137792K, reserved 557056K
  class space    used 18396K, committed 19072K, reserved 425984K
}
Event: 86.447 GC heap before
{Heap before GC invocations=75 (full 0):
 garbage-first heap   total 334848K, used 282549K [0x0000000080000000, 0x0000000100000000)
  region size 1024K, 82 young (83968K), 2 survivors (2048K)
 Metaspace       used 138594K, committed 139968K, reserved 557056K
  class space    used 18619K, committed 19264K, reserved 425984K
}
Event: 86.469 GC heap after
{Heap after GC invocations=76 (full 0):
 garbage-first heap   total 334848K, used 215040K [0x0000000080000000, 0x0000000100000000)
  region size 1024K, 11 young (11264K), 11 survivors (11264K)
 Metaspace       used 138594K, committed 139968K, reserved 557056K
  class space    used 18619K, committed 19264K, reserved 425984K
}
Event: 89.292 GC heap before
{Heap before GC invocations=76 (full 0):
 garbage-first heap   total 334848K, used 274432K [0x0000000080000000, 0x0000000100000000)
  region size 1024K, 69 young (70656K), 11 survivors (11264K)
 Metaspace       used 140776K, committed 142080K, reserved 557056K
  class space    used 18809K, committed 19456K, reserved 425984K
}
Event: 89.312 GC heap after
{Heap after GC invocations=77 (full 0):
 garbage-first heap   total 334848K, used 218980K [0x0000000080000000, 0x0000000100000000)
  region size 1024K, 8 young (8192K), 8 survivors (8192K)
 Metaspace       used 140776K, committed 142080K, reserved 557056K
  class space    used 18809K, committed 19456K, reserved 425984K
}
Event: 90.278 GC heap before
{Heap before GC invocations=77 (full 0):
 garbage-first heap   total 334848K, used 274276K [0x0000000080000000, 0x0000000100000000)
  region size 1024K, 63 young (64512K), 8 survivors (8192K)
 Metaspace       used 141401K, committed 142784K, reserved 557056K
  class space    used 18885K, committed 19520K, reserved 425984K
}
Event: 90.292 GC heap after
{Heap after GC invocations=78 (full 0):
 garbage-first heap   total 334848K, used 224812K [0x0000000080000000, 0x0000000100000000)
  region size 1024K, 6 young (6144K), 6 survivors (6144K)
 Metaspace       used 141401K, committed 142784K, reserved 557056K
  class space    used 18885K, committed 19520K, reserved 425984K
}
Event: 91.877 GC heap before
{Heap before GC invocations=79 (full 0):
 garbage-first heap   total 403456K, used 290348K [0x0000000080000000, 0x0000000100000000)
  region size 1024K, 59 young (60416K), 6 survivors (6144K)
 Metaspace       used 143625K, committed 145024K, reserved 557056K
  class space    used 19222K, committed 19904K, reserved 425984K
}
Event: 91.888 GC heap after
{Heap after GC invocations=80 (full 0):
 garbage-first heap   total 403456K, used 242442K [0x0000000080000000, 0x0000000100000000)
  region size 1024K, 7 young (7168K), 7 survivors (7168K)
 Metaspace       used 143625K, committed 145024K, reserved 557056K
  class space    used 19222K, committed 19904K, reserved 425984K
}
Event: 92.323 GC heap before
{Heap before GC invocations=80 (full 0):
 garbage-first heap   total 403456K, used 262922K [0x0000000080000000, 0x0000000100000000)
  region size 1024K, 19 young (19456K), 7 survivors (7168K)
 Metaspace       used 144947K, committed 146304K, reserved 557056K
  class space    used 19430K, committed 20096K, reserved 425984K
}
Event: 92.341 GC heap after
{Heap after GC invocations=81 (full 0):
 garbage-first heap   total 403456K, used 236480K [0x0000000080000000, 0x0000000100000000)
  region size 1024K, 1 young (1024K), 1 survivors (1024K)
 Metaspace       used 144947K, committed 146304K, reserved 557056K
  class space    used 19430K, committed 20096K, reserved 425984K
}
Event: 93.741 GC heap before
{Heap before GC invocations=81 (full 0):
 garbage-first heap   total 403456K, used 353216K [0x0000000080000000, 0x0000000100000000)
  region size 1024K, 89 young (91136K), 1 survivors (1024K)
 Metaspace       used 147388K, committed 148800K, reserved 557056K
  class space    used 19814K, committed 20480K, reserved 425984K
}
Event: 93.771 GC heap after
{Heap after GC invocations=82 (full 0):
 garbage-first heap   total 403456K, used 275368K [0x0000000080000000, 0x0000000100000000)
  region size 1024K, 12 young (12288K), 12 survivors (12288K)
 Metaspace       used 147388K, committed 148800K, reserved 557056K
  class space    used 19814K, committed 20480K, reserved 425984K
}
Event: 94.541 GC heap before
{Heap before GC invocations=82 (full 0):
 garbage-first heap   total 403456K, used 330664K [0x0000000080000000, 0x0000000100000000)
  region size 1024K, 67 young (68608K), 12 survivors (12288K)
 Metaspace       used 149841K, committed 151232K, reserved 557056K
  class space    used 20322K, committed 20992K, reserved 425984K
}
Event: 94.585 GC heap after
{Heap after GC invocations=83 (full 0):
 garbage-first heap   total 403456K, used 295936K [0x0000000080000000, 0x0000000100000000)
  region size 1024K, 9 young (9216K), 9 survivors (9216K)
 Metaspace       used 149841K, committed 151232K, reserved 557056K
  class space    used 20322K, committed 20992K, reserved 425984K
}
Event: 94.783 GC heap before
{Heap before GC invocations=83 (full 0):
 garbage-first heap   total 403456K, used 331776K [0x0000000080000000, 0x0000000100000000)
  region size 1024K, 45 young (46080K), 9 survivors (9216K)
 Metaspace       used 150133K, committed 151488K, reserved 557056K
  class space    used 20363K, committed 21056K, reserved 425984K
}
Event: 94.819 GC heap after
{Heap after GC invocations=84 (full 0):
 garbage-first heap   total 403456K, used 315306K [0x0000000080000000, 0x0000000100000000)
  region size 1024K, 6 young (6144K), 6 survivors (6144K)
 Metaspace       used 150133K, committed 151488K, reserved 557056K
  class space    used 20363K, committed 21056K, reserved 425984K
}
Event: 94.952 GC heap before
{Heap before GC invocations=84 (full 0):
 garbage-first heap   total 403456K, used 337834K [0x0000000080000000, 0x0000000100000000)
  region size 1024K, 29 young (29696K), 6 survivors (6144K)
 Metaspace       used 150428K, committed 151808K, reserved 557056K
  class space    used 20380K, committed 21056K, reserved 425984K
}
Event: 94.993 GC heap after
{Heap after GC invocations=85 (full 0):
 garbage-first heap   total 403456K, used 327144K [0x0000000080000000, 0x0000000100000000)
  region size 1024K, 4 young (4096K), 4 survivors (4096K)
 Metaspace       used 150428K, committed 151808K, reserved 557056K
  class space    used 20380K, committed 21056K, reserved 425984K
}
Event: 95.123 GC heap before
{Heap before GC invocations=85 (full 0):
 garbage-first heap   total 403456K, used 343528K [0x0000000080000000, 0x0000000100000000)
  region size 1024K, 20 young (20480K), 4 survivors (4096K)
 Metaspace       used 150502K, committed 151872K, reserved 622592K
  class space    used 20393K, committed 21056K, reserved 425984K
}

